0 info it worked if it ends with ok
1 verbose cli [ 'node',
1 verbose cli   '/usr/local/bin/npm',
1 verbose cli   'install',
1 verbose cli   '--save',
1 verbose cli   'express@4.10.2' ]
2 info using npm@1.4.28
3 info using node@v0.10.36
4 warn package.json socket-chat-example@0.0.1 No repository field.
5 warn package.json socket-chat-example@0.0.1 No README data
6 verbose readDependencies using package.json deps
7 verbose cache add [ 'express@4.10.2', null ]
8 verbose cache add name=undefined spec="express@4.10.2" args=["express@4.10.2",null]
9 verbose parsed url { protocol: null,
9 verbose parsed url   slashes: null,
9 verbose parsed url   auth: null,
9 verbose parsed url   host: null,
9 verbose parsed url   port: null,
9 verbose parsed url   hostname: null,
9 verbose parsed url   hash: null,
9 verbose parsed url   search: null,
9 verbose parsed url   query: null,
9 verbose parsed url   pathname: 'express@4.10.2',
9 verbose parsed url   path: 'express@4.10.2',
9 verbose parsed url   href: 'express@4.10.2' }
10 verbose cache add name="express" spec="4.10.2" args=["express","4.10.2"]
11 verbose parsed url { protocol: null,
11 verbose parsed url   slashes: null,
11 verbose parsed url   auth: null,
11 verbose parsed url   host: null,
11 verbose parsed url   port: null,
11 verbose parsed url   hostname: null,
11 verbose parsed url   hash: null,
11 verbose parsed url   search: null,
11 verbose parsed url   query: null,
11 verbose parsed url   pathname: '4.10.2',
11 verbose parsed url   path: '4.10.2',
11 verbose parsed url   href: '4.10.2' }
12 verbose addNamed [ 'express', '4.10.2' ]
13 verbose addNamed [ '4.10.2', '4.10.2' ]
14 silly lockFile 787e98b4-express-4-10-2 express@4.10.2
15 verbose lock express@4.10.2 /Users/ron/.npm/787e98b4-express-4-10-2.lock
16 verbose request where is /express
17 verbose request registry https://registry.npmjs.org/
18 verbose request id 8d6ae4857c8ce667
19 verbose url raw /express
20 verbose url resolving [ 'https://registry.npmjs.org/', './express' ]
21 verbose url resolved https://registry.npmjs.org/express
22 verbose request where is https://registry.npmjs.org/express
23 info trying registry request attempt 1 at 17:55:38
24 http GET https://registry.npmjs.org/express
25 info retry will retry, error on last attempt: Error: getaddrinfo ENOTFOUND
26 info trying registry request attempt 2 at 17:55:48
27 http GET https://registry.npmjs.org/express
28 info retry will retry, error on last attempt: Error: getaddrinfo ENOTFOUND
29 info trying registry request attempt 3 at 17:56:48
30 http GET https://registry.npmjs.org/express
31 silly lockFile 787e98b4-express-4-10-2 express@4.10.2
32 silly lockFile 787e98b4-express-4-10-2 express@4.10.2
33 error network getaddrinfo ENOTFOUND
33 error network This is most likely not a problem with npm itself
33 error network and is related to network connectivity.
33 error network In most cases you are behind a proxy or have bad network settings.
33 error network
33 error network If you are behind a proxy, please make sure that the
33 error network 'proxy' config is set properly.  See: 'npm help config'
34 error System Darwin 14.0.0
35 error command "node" "/usr/local/bin/npm" "install" "--save" "express@4.10.2"
36 error cwd /Users/ron/tutorials/node.js/chat-example
37 error node -v v0.10.36
38 error npm -v 1.4.28
39 error syscall getaddrinfo
40 error code ENOTFOUND
41 error errno ENOTFOUND
42 verbose exit [ 1, true ]
